PS B:\Avito\Python\project_pizza> python -m pytest -v tests.py
========================================================== test session starts ===========================================================
platform win32 -- Python 3.11.5, pytest-7.4.3, pluggy-1.3.0 -- C:\Users\Admin\AppData\Local\Programs\Python\Python311\python.exe
cachedir: .pytest_cache
rootdir: B:\Avito\Python\project_pizza
plugins: cov-4.1.0, mock-3.12.0
collected 9 items

tests.py::test_log_decorator PASSED                                                                                                 [ 11%]
tests.py::test_order_command[L-margherita-False-bake.*Margherita.*L.*] PASSED                                                       [ 22%]
tests.py::test_order_command[XL-pepperoni-True-bake.*Pepperoni.*XL[\\s\\S]*\u0414\u043e\u0441\u0442\u0430\u0432\u0438\u043b\u0438.*] PASSED [ 33%]
tests.py::test_order_command[L-hawaiian-False-bake.*Hawaiian.*L[\\s\\S]*\u041e\u0436\u0438\u0434\u0430\u0435\u043c.*] PASSED        [ 44%]
tests.py::test_order_command[L-4 \u0441\u044b\u0440\u0430-False-\u041f\u0438\u0446\u0446\u0430 \u0441 \u0438\u043c\u0435\u043d\u0435\u043c 4 \u0441\u044b\u0440\u0430 \u043d\u0435 \u043d\u0430\u0439\u0434\u0435\u043d\u0430 \u0432 \u043c\u0435\u043d\u044e.] PASSED [ 55%]
tests.py::test_menu_command PASSED                                                                                                  [ 66%]
tests.py::test_bake_output PASSED                                                                                                   [ 77%]
tests.py::test_deliver_output PASSED                                                                                                [ 88%]
tests.py::test_pickup_output PASSED                                                                                                 [100%]

=========================================================== 9 passed in 0.07s ============================================================