PS B:\Avito\Python\project_pizza> python -m pytest -v tests.py
=============================================================== test session starts ================================================================
platform win32 -- Python 3.11.5, pytest-7.4.3, pluggy-1.3.0 -- C:\Users\Admin\AppData\Local\Programs\Python\Python311\python.exe
cachedir: .pytest_cache
rootdir: B:\Avito\Python\project_pizza
plugins: cov-4.1.0
collected 6 items

tests.py::test_log_decorator PASSED                                                                                                           [ 16%]
tests.py::test_order_command PASSED                                                                                                           [ 33%]
tests.py::test_menu_command PASSED                                                                                                            [ 50%]
tests.py::test_bake_output PASSED                                                                                                             [ 66%]
tests.py::test_deliver_output PASSED                                                                                                          [ 83%]
tests.py::test_pickup_output PASSED                                                                                                           [100%]

================================================================ 6 passed in 0.05s =================================================================